build exit=0
=== mdfh_pool_concurrency_test ===
exit=0
==1513== Memcheck, a memory error detector
==1513== Copyright (C) 2002-2022, and GNU GPL'd, by Julian Seward et al.
==1513== Using Valgrind-3.22.0 and LibVEX; rerun with -h for copyright info
==1513== Command: ./orderbook/mdfh_pool_concurrency_test
==1513== 
Randomness seeded to: 1990846992
===============================================================================
All tests passed (1 assertion in 1 test case)

==1513== 
==1513== HEAP SUMMARY:
==1513==     in use at exit: 0 bytes in 0 blocks
==1513==   total heap usage: 235 allocs, 235 frees, 158,995,938 bytes allocated
==1513== 
==1513== All heap blocks were freed -- no leaks are possible
==1513== 
==1513== For lists of detected and suppressed errors, rerun with: -s
==1513== ERROR SUMMARY: 0 errors from 0 contexts (suppressed: 0 from 0)

=== mdfh_publisher_test ===
exit=0
==1524== Memcheck, a memory error detector
==1524== Copyright (C) 2002-2022, and GNU GPL'd, by Julian Seward et al.
==1524== Using Valgrind-3.22.0 and LibVEX; rerun with -h for copyright info
==1524== Command: ./publisher/mdfh_publisher_test
==1524== 
Randomness seeded to: 2675338298
===============================================================================
All tests passed (16 assertions in 5 test cases)

==1524== 
==1524== HEAP SUMMARY:
==1524==     in use at exit: 0 bytes in 0 blocks
==1524==   total heap usage: 276 allocs, 276 frees, 155,060 bytes allocated
==1524== 
==1524== All heap blocks were freed -- no leaks are possible
==1524== 
==1524== For lists of detected and suppressed errors, rerun with: -s
==1524== ERROR SUMMARY: 0 errors from 0 contexts (suppressed: 0 from 0)

=== mdfh_pipeline_e2e_test ===
exit=42
[gap_detector] sequence gap: expected 3792, got 3793 (1 message(s) missing) -- marking STALE
[gap_detector] sequence gap: expected 3841, got 3842 (1 message(s) missing) -- marking STALE
[gap_detector] sequence gap: expected 5581, got 5582 (1 message(s) missing) -- marking STALE
[gap_detector] sequence gap: expected 5761, got 5762 (1 message(s) missing) -- marking STALE
[gap_detector] sequence gap: expected 11969, got 11970 (1 message(s) missing) -- marking STALE
[gap_detector] sequence gap: expected 7636, got 7637 (1 message(s) missing) -- marking STALE
[gap_detector] sequence gap: expected 19283, got 19284 (1 message(s) missing) -- marking STALE
[gap_detector] sequence gap: expected 20779, got 20780 (1 message(s) missing) -- marking STALE
[gap_detector] sequence gap: expected 2305, got 2306 (1 message(s) missing) -- marking STALE
[gap_detector] sequence gap: expected 24199, got 24200 (1 message(s) missing) -- marking STALE
[gap_detector] sequence gap: expected 18759, got 18760 (1 message(s) missing) -- marking STALE
[gap_detector] sequence gap: expected 11841, got 11842 (1 message(s) missing) -- marking STALE
===============================================================================
test cases:     7 |     6 passed | 1 failed
assertions: 13364 | 13363 passed | 1 failed

==1527== 
==1527== HEAP SUMMARY:
==1527==     in use at exit: 0 bytes in 0 blocks
==1527==   total heap usage: 3,675,418 allocs, 3,675,418 frees, 393,702,182 bytes allocated
==1527== 
==1527== All heap blocks were freed -- no leaks are possible
==1527== 
==1527== For lists of detected and suppressed errors, rerun with: -s
==1527== ERROR SUMMARY: 0 errors from 0 contexts (suppressed: 0 from 0)

=== mdfh_affinity_test ===
exit=0
==1836== Memcheck, a memory error detector
==1836== Copyright (C) 2002-2022, and GNU GPL'd, by Julian Seward et al.
==1836== Using Valgrind-3.22.0 and LibVEX; rerun with -h for copyright info
==1836== Command: ./affinity/mdfh_affinity_test
==1836== 
Randomness seeded to: 3373066816
===============================================================================
All tests passed (2 assertions in 2 test cases)

==1836== 
==1836== HEAP SUMMARY:
==1836==     in use at exit: 0 bytes in 0 blocks
==1836==   total heap usage: 245 allocs, 245 frees, 134,637 bytes allocated
==1836== 
==1836== All heap blocks were freed -- no leaks are possible
==1836== 
==1836== For lists of detected and suppressed errors, rerun with: -s
==1836== ERROR SUMMARY: 0 errors from 0 contexts (suppressed: 0 from 0)

=== mdfh_spsc_stress_test ===
exit=0
==1844== Memcheck, a memory error detector
==1844== Copyright (C) 2002-2022, and GNU GPL'd, by Julian Seward et al.
==1844== Using Valgrind-3.22.0 and LibVEX; rerun with -h for copyright info
==1844== Command: ./concurrency/mdfh_spsc_stress_test
==1844== 
Randomness seeded to: 2849053389
===============================================================================
All tests passed (240 assertions in 2 test cases)

==1844== 
==1844== HEAP SUMMARY:
==1844==     in use at exit: 0 bytes in 0 blocks
==1844==   total heap usage: 216 allocs, 216 frees, 16,423,507 bytes allocated
==1844== 
==1844== All heap blocks were freed -- no leaks are possible
==1844== 
==1844== For lists of detected and suppressed errors, rerun with: -s
==1844== ERROR SUMMARY: 0 errors from 0 contexts (suppressed: 0 from 0)

